0 info it worked if it ends with ok
1 verbose cli [ '/opt/boxen/homebrew/Cellar/node/0.10.12/bin/node',
1 verbose cli   '/opt/boxen/homebrew/bin/npm',
1 verbose cli   'publish' ]
2 info using npm@1.2.32
3 info using node@v0.10.12
4 verbose publish [ '.' ]
5 verbose read json /Users/patrick/Sites/open-source/generator-easyapp/package.json
6 verbose cache add [ '.', null ]
7 verbose cache add name=undefined spec="." args=[".",null]
8 verbose parsed url { protocol: null,
8 verbose parsed url   slashes: null,
8 verbose parsed url   auth: null,
8 verbose parsed url   host: null,
8 verbose parsed url   port: null,
8 verbose parsed url   hostname: null,
8 verbose parsed url   hash: null,
8 verbose parsed url   search: null,
8 verbose parsed url   query: null,
8 verbose parsed url   pathname: '.',
8 verbose parsed url   path: '.',
8 verbose parsed url   href: '.' }
9 silly lockFile 3a52ce78- .
10 verbose lock . /Users/patrick/.npm/3a52ce78-.lock
11 verbose read json package.json
12 verbose tar pack [ '/var/folders/mp/mfcdg56x3nd39q9srtzw9jr00000gn/T/npm-17143/1377652727535-0.8335764575749636/tmp.tgz',
12 verbose tar pack   '.' ]
13 verbose tarball /var/folders/mp/mfcdg56x3nd39q9srtzw9jr00000gn/T/npm-17143/1377652727535-0.8335764575749636/tmp.tgz
14 verbose folder .
15 info prepublish generator-easyapp@0.0.0
16 silly lockFile 1f1177db-tar tar://.
17 verbose lock tar://. /Users/patrick/.npm/1f1177db-tar.lock
18 silly lockFile b604983a-27535-0-8335764575749636-tmp-tgz tar:///var/folders/mp/mfcdg56x3nd39q9srtzw9jr00000gn/T/npm-17143/1377652727535-0.8335764575749636/tmp.tgz
19 verbose lock tar:///var/folders/mp/mfcdg56x3nd39q9srtzw9jr00000gn/T/npm-17143/1377652727535-0.8335764575749636/tmp.tgz /Users/patrick/.npm/b604983a-27535-0-8335764575749636-tmp-tgz.lock
20 silly lockFile 1f1177db-tar tar://.
21 silly lockFile 1f1177db-tar tar://.
22 silly lockFile b604983a-27535-0-8335764575749636-tmp-tgz tar:///var/folders/mp/mfcdg56x3nd39q9srtzw9jr00000gn/T/npm-17143/1377652727535-0.8335764575749636/tmp.tgz
23 silly lockFile b604983a-27535-0-8335764575749636-tmp-tgz tar:///var/folders/mp/mfcdg56x3nd39q9srtzw9jr00000gn/T/npm-17143/1377652727535-0.8335764575749636/tmp.tgz
24 verbose tar unpack /var/folders/mp/mfcdg56x3nd39q9srtzw9jr00000gn/T/npm-17143/1377652727535-0.8335764575749636/tmp.tgz
25 silly lockFile 8225e53e-27535-0-8335764575749636-package tar:///var/folders/mp/mfcdg56x3nd39q9srtzw9jr00000gn/T/npm-17143/1377652727535-0.8335764575749636/package
26 verbose lock tar:///var/folders/mp/mfcdg56x3nd39q9srtzw9jr00000gn/T/npm-17143/1377652727535-0.8335764575749636/package /Users/patrick/.npm/8225e53e-27535-0-8335764575749636-package.lock
27 silly lockFile b604983a-27535-0-8335764575749636-tmp-tgz tar:///var/folders/mp/mfcdg56x3nd39q9srtzw9jr00000gn/T/npm-17143/1377652727535-0.8335764575749636/tmp.tgz
28 verbose lock tar:///var/folders/mp/mfcdg56x3nd39q9srtzw9jr00000gn/T/npm-17143/1377652727535-0.8335764575749636/tmp.tgz /Users/patrick/.npm/b604983a-27535-0-8335764575749636-tmp-tgz.lock
29 silly gunzTarPerm modes [ '755', '644' ]
30 silly gunzTarPerm extractEntry package.json
31 silly gunzTarPerm extractEntry .npmignore
32 silly gunzTarPerm extractEntry README.md
33 silly gunzTarPerm extractEntry LICENSE
34 silly gunzTarPerm extractEntry .travis.yml
35 silly gunzTarPerm extractEntry .gitattributes
36 silly gunzTarPerm extractEntry .editorconfig
37 silly gunzTarPerm extractEntry app/index.js
38 silly gunzTarPerm extractEntry app/templates/_bower.json
39 silly gunzTarPerm extractEntry app/templates/_package.json
40 silly gunzTarPerm extractEntry app/templates/editorconfig
41 silly gunzTarPerm extractEntry app/templates/jshintrc
42 silly gunzTarPerm extractEntry app/templates/travis.yml
43 silly gunzTarPerm extractEntry .jshintrc
44 silly gunzTarPerm extractEntry test/test-creation.js
45 silly gunzTarPerm extractEntry test/test-load.js
46 verbose read json /var/folders/mp/mfcdg56x3nd39q9srtzw9jr00000gn/T/npm-17143/1377652727535-0.8335764575749636/package/package.json
47 silly lockFile 8225e53e-27535-0-8335764575749636-package tar:///var/folders/mp/mfcdg56x3nd39q9srtzw9jr00000gn/T/npm-17143/1377652727535-0.8335764575749636/package
48 silly lockFile 8225e53e-27535-0-8335764575749636-package tar:///var/folders/mp/mfcdg56x3nd39q9srtzw9jr00000gn/T/npm-17143/1377652727535-0.8335764575749636/package
49 silly lockFile b604983a-27535-0-8335764575749636-tmp-tgz tar:///var/folders/mp/mfcdg56x3nd39q9srtzw9jr00000gn/T/npm-17143/1377652727535-0.8335764575749636/tmp.tgz
50 silly lockFile b604983a-27535-0-8335764575749636-tmp-tgz tar:///var/folders/mp/mfcdg56x3nd39q9srtzw9jr00000gn/T/npm-17143/1377652727535-0.8335764575749636/tmp.tgz
51 verbose from cache /var/folders/mp/mfcdg56x3nd39q9srtzw9jr00000gn/T/npm-17143/1377652727535-0.8335764575749636/package/package.json
52 verbose tar pack [ '/Users/patrick/.npm/generator-easyapp/0.0.0/package.tgz',
52 verbose tar pack   '/var/folders/mp/mfcdg56x3nd39q9srtzw9jr00000gn/T/npm-17143/1377652727535-0.8335764575749636/package' ]
53 verbose tarball /Users/patrick/.npm/generator-easyapp/0.0.0/package.tgz
54 verbose folder /var/folders/mp/mfcdg56x3nd39q9srtzw9jr00000gn/T/npm-17143/1377652727535-0.8335764575749636/package
55 silly lockFile 8225e53e-27535-0-8335764575749636-package tar:///var/folders/mp/mfcdg56x3nd39q9srtzw9jr00000gn/T/npm-17143/1377652727535-0.8335764575749636/package
56 verbose lock tar:///var/folders/mp/mfcdg56x3nd39q9srtzw9jr00000gn/T/npm-17143/1377652727535-0.8335764575749636/package /Users/patrick/.npm/8225e53e-27535-0-8335764575749636-package.lock
57 silly lockFile ac014695-erator-easyapp-0-0-0-package-tgz tar:///Users/patrick/.npm/generator-easyapp/0.0.0/package.tgz
58 verbose lock tar:///Users/patrick/.npm/generator-easyapp/0.0.0/package.tgz /Users/patrick/.npm/ac014695-erator-easyapp-0-0-0-package-tgz.lock
59 silly lockFile 8225e53e-27535-0-8335764575749636-package tar:///var/folders/mp/mfcdg56x3nd39q9srtzw9jr00000gn/T/npm-17143/1377652727535-0.8335764575749636/package
60 silly lockFile 8225e53e-27535-0-8335764575749636-package tar:///var/folders/mp/mfcdg56x3nd39q9srtzw9jr00000gn/T/npm-17143/1377652727535-0.8335764575749636/package
61 silly lockFile ac014695-erator-easyapp-0-0-0-package-tgz tar:///Users/patrick/.npm/generator-easyapp/0.0.0/package.tgz
62 silly lockFile ac014695-erator-easyapp-0-0-0-package-tgz tar:///Users/patrick/.npm/generator-easyapp/0.0.0/package.tgz
63 silly lockFile e7992469--generator-easyapp-0-0-0-package /Users/patrick/.npm/generator-easyapp/0.0.0/package
64 verbose lock /Users/patrick/.npm/generator-easyapp/0.0.0/package /Users/patrick/.npm/e7992469--generator-easyapp-0-0-0-package.lock
65 silly lockFile e7992469--generator-easyapp-0-0-0-package /Users/patrick/.npm/generator-easyapp/0.0.0/package
66 silly lockFile e7992469--generator-easyapp-0-0-0-package /Users/patrick/.npm/generator-easyapp/0.0.0/package
67 verbose tar unpack /Users/patrick/.npm/generator-easyapp/0.0.0/package.tgz
68 silly lockFile 7640e5a0--generator-easyapp-0-0-0-package tar:///Users/patrick/.npm/generator-easyapp/0.0.0/package
69 verbose lock tar:///Users/patrick/.npm/generator-easyapp/0.0.0/package /Users/patrick/.npm/7640e5a0--generator-easyapp-0-0-0-package.lock
70 silly lockFile ac014695-erator-easyapp-0-0-0-package-tgz tar:///Users/patrick/.npm/generator-easyapp/0.0.0/package.tgz
71 verbose lock tar:///Users/patrick/.npm/generator-easyapp/0.0.0/package.tgz /Users/patrick/.npm/ac014695-erator-easyapp-0-0-0-package-tgz.lock
72 silly gunzTarPerm modes [ '755', '644' ]
73 silly gunzTarPerm extractEntry package.json
74 silly gunzTarPerm extractEntry .npmignore
75 silly gunzTarPerm extractEntry README.md
76 silly gunzTarPerm extractEntry LICENSE
77 silly gunzTarPerm extractEntry .editorconfig
78 silly gunzTarPerm extractEntry .gitattributes
79 silly gunzTarPerm extractEntry .jshintrc
80 silly gunzTarPerm extractEntry .travis.yml
81 silly gunzTarPerm extractEntry app/index.js
82 silly gunzTarPerm extractEntry app/templates/_bower.json
83 silly gunzTarPerm extractEntry app/templates/_package.json
84 silly gunzTarPerm extractEntry app/templates/editorconfig
85 silly gunzTarPerm extractEntry app/templates/jshintrc
86 silly gunzTarPerm extractEntry app/templates/travis.yml
87 silly gunzTarPerm extractEntry test/test-creation.js
88 silly gunzTarPerm extractEntry test/test-load.js
89 verbose read json /Users/patrick/.npm/generator-easyapp/0.0.0/package/package.json
90 silly lockFile 7640e5a0--generator-easyapp-0-0-0-package tar:///Users/patrick/.npm/generator-easyapp/0.0.0/package
91 silly lockFile 7640e5a0--generator-easyapp-0-0-0-package tar:///Users/patrick/.npm/generator-easyapp/0.0.0/package
92 silly lockFile ac014695-erator-easyapp-0-0-0-package-tgz tar:///Users/patrick/.npm/generator-easyapp/0.0.0/package.tgz
93 silly lockFile ac014695-erator-easyapp-0-0-0-package-tgz tar:///Users/patrick/.npm/generator-easyapp/0.0.0/package.tgz
94 verbose from cache /Users/patrick/.npm/generator-easyapp/0.0.0/package/package.json
95 verbose chmod /Users/patrick/.npm/generator-easyapp/0.0.0/package.tgz 644
96 verbose chown /Users/patrick/.npm/generator-easyapp/0.0.0/package.tgz [ 501, 20 ]
97 silly lockFile 3a52ce78- .
98 silly lockFile 3a52ce78- .
99 silly publish { name: 'generator-easyapp',
99 silly publish   version: '0.0.0',
99 silly publish   description: 'An EASY stack generator, Express Angular Styl Yeoman',
99 silly publish   keywords:
99 silly publish    [ 'yeoman-generator',
99 silly publish      'Express Angular Styl Yeoman',
99 silly publish      'EASY app',
99 silly publish      'EASY',
99 silly publish      'Yeoman',
99 silly publish      'Styl',
99 silly publish      'Angular',
99 silly publish      'Express' ],
99 silly publish   homepage: 'https://github.com/gdi2290/generator-easyapp',
99 silly publish   bugs: { url: 'https://github.com/gdi2290/generator-easyapp/issues' },
99 silly publish   author:
99 silly publish    { name: 'PatrickJS',
99 silly publish      email: 'github@gdi2290.com',
99 silly publish      url: 'https://github.com/gdi2290' },
99 silly publish   main: 'app/index.js',
99 silly publish   repository:
99 silly publish    { type: 'git',
99 silly publish      url: 'git://github.com/gdi2290/generator-easyapp.git' },
99 silly publish   scripts: { test: 'mocha' },
99 silly publish   dependencies: { 'yeoman-generator': '~0.13.0' },
99 silly publish   devDependencies: { mocha: '~1.12.0' },
99 silly publish   peerDependencies: { yo: '>=1.0.0-rc.1' },
99 silly publish   engines: { node: '>=0.8.0', npm: '>=1.2.10' },
99 silly publish   licenses: [ { type: 'MIT' } ],
99 silly publish   readme: '# EASY app generator [![Build Status](https://secure.travis-ci.org/gdi2290/generator-easyapp.png?branch=master)](https://travis-ci.org/gdi2290/generator-easyapp)\n\nExpress Angular Styl Yeoman\n\n\n## Getting Started\n\n### What is Yeoman?\n\nTrick question. It\'s not a thing. It\'s this guy:\n\n![](http://i.imgur.com/JHaAlBJ.png)\n\nBasically, he wears a top hat, lives in your computer, and waits for you to tell him what kind of application you wish to create.\n\nNot every new computer comes with a Yeoman pre-installed. He lives in the [npm](https://npmjs.org) package repository. You only have to ask for him once, then he packs up and moves into your hard drive. *Make sure you clean up, he likes new and shiny things.*\n\n```\n$ npm install -g yo\n```\n\n### Yeoman Generators\n\nYeoman travels light. He didn\'t pack any generators when he moved in. You can think of a generator like a plug-in. You get to choose what type of application you wish to create, such as a Backbone application or even a Chrome extension.\n\nTo install generator-easyapp from npm, run:\n\n```\n$ npm install -g generator-easyapp\n```\n\nFinally, initiate the generator:\n\n```\n$ yo easyapp\n```\n\n### Getting To Know Yeoman\n\nYeoman has a heart of gold. He\'s a person with feelings and opinions, but he\'s very easy to work with. If you think he\'s too opinionated, he can be easily convinced.\n\nIf you\'d like to get to know Yeoman better and meet some of his friends, [Grunt](http://gruntjs.com) and [Bower](http://bower.io), check out the complete [Getting Started Guide](https://github.com/yeoman/yeoman/wiki/Getting-Started).\n\n\n## License\n\n[MIT License](http://en.wikipedia.org/wiki/MIT_License)\n',
99 silly publish   readmeFilename: 'README.md',
99 silly publish   _id: 'generator-easyapp@0.0.0',
99 silly publish   dist: { shasum: 'fb40a592f106a7ad9cb8db12abccf32a7fe22a9c' },
99 silly publish   _from: '.' }
100 verbose url raw generator-easyapp
101 verbose url resolving [ 'https://registry.npmjs.org/', './generator-easyapp' ]
102 verbose url resolved https://registry.npmjs.org/generator-easyapp
103 info trying registry request attempt 1 at 18:18:47
104 http PUT https://registry.npmjs.org/generator-easyapp
105 http 409 https://registry.npmjs.org/generator-easyapp
106 verbose url raw generator-easyapp
107 verbose url resolving [ 'https://registry.npmjs.org/', './generator-easyapp' ]
108 verbose url resolved https://registry.npmjs.org/generator-easyapp
109 info trying registry request attempt 1 at 18:18:48
110 http GET https://registry.npmjs.org/generator-easyapp
111 http 200 https://registry.npmjs.org/generator-easyapp
112 error publish fail Cannot publish over existing version.
112 error publish fail Update the 'version' field in package.json and try again.
112 error publish fail
112 error publish fail If the previous version was published in error, see:
112 error publish fail     npm help unpublish
112 error publish fail
112 error publish fail To automatically increment version numbers, see:
112 error publish fail     npm help version
113 error System Darwin 12.4.0
114 error command "/opt/boxen/homebrew/Cellar/node/0.10.12/bin/node" "/opt/boxen/homebrew/bin/npm" "publish"
115 error cwd /Users/patrick/Sites/open-source/generator-easyapp
116 error node -v v0.10.12
117 error npm -v 1.2.32
118 error code EPUBLISHCONFLICT
119 verbose exit [ 1, true ]
